<?xml version="1.0" encoding="UTF-8"?>
<!-- Generated by org.testng.reporters.JUnitXMLReporter -->
<testsuite ignored="0" hostname="DESKTOP-9QSCV6P" failures="0" tests="3" name="Test" time="22.234" errors="0" timestamp="2022-05-21T00:24:13 IST">
  <testcase classname="testPackage.jenkinsTest" name="myTest1" time="7.379"/>
  <testcase classname="testPackage.jenkinsTest" name="myTest2" time="5.157"/>
  <testcase classname="testPackage.jenkinsTest" name="myTest3" time="4.434"/>
</testsuite> <!-- Test -->
