<?xml version="1.0" encoding="UTF-8"?>
<!-- Generated by org.testng.reporters.JUnitXMLReporter -->
<testsuite ignored="0" hostname="DESKTOP-9QSCV6P" failures="0" tests="3" name="Default test" time="23.143" errors="0" timestamp="2022-05-21T00:13:12 IST">
  <testcase classname="testPackage.jenkinsTest" name="myTest1" time="7.473"/>
  <testcase classname="testPackage.jenkinsTest" name="myTest2" time="5.395"/>
  <testcase classname="testPackage.jenkinsTest" name="myTest3" time="4.686"/>
</testsuite> <!-- Default test -->
