<?xml version="1.0" encoding="UTF-8"?>
<testng-results ignored="0" total="3" passed="3" failed="0" skipped="0">
  <reporter-output>
  </reporter-output>
  <suite started-at="2022-05-21T00:23:51 IST" name="Suite123" finished-at="2022-05-21T00:24:13 IST" duration-ms="22234">
    <groups>
    </groups>
    <test started-at="2022-05-21T00:23:51 IST" name="Test" finished-at="2022-05-21T00:24:13 IST" duration-ms="22234">
      <class name="testPackage.jenkinsTest">
        <test-method is-config="true" signature="config()[pri:0, instance:testPackage.jenkinsTest@7880cdf3]" started-at="2022-05-21T00:23:51 IST" name="config" finished-at="2022-05-21T00:23:51 IST" duration-ms="254" status="PASS">
          <reporter-output>
          </reporter-output>
        </test-method> <!-- config -->
        <test-method signature="myTest1()[pri:0, instance:testPackage.jenkinsTest@7880cdf3]" started-at="2022-05-21T00:23:51 IST" name="myTest1" finished-at="2022-05-21T00:23:58 IST" duration-ms="7379" status="PASS">
          <reporter-output>
          </reporter-output>
        </test-method> <!-- myTest1 -->
        <test-method is-config="true" signature="tearDown()[pri:0, instance:testPackage.jenkinsTest@7880cdf3]" started-at="2022-05-21T00:23:58 IST" name="tearDown" finished-at="2022-05-21T00:24:03 IST" duration-ms="4399" status="PASS">
          <reporter-output>
          </reporter-output>
        </test-method> <!-- tearDown -->
        <test-method signature="myTest2()[pri:0, instance:testPackage.jenkinsTest@7880cdf3]" started-at="2022-05-21T00:24:03 IST" name="myTest2" finished-at="2022-05-21T00:24:08 IST" duration-ms="5157" status="PASS">
          <reporter-output>
          </reporter-output>
        </test-method> <!-- myTest2 -->
        <test-method is-config="true" signature="tearDown()[pri:0, instance:testPackage.jenkinsTest@7880cdf3]" started-at="2022-05-21T00:24:08 IST" name="tearDown" finished-at="2022-05-21T00:24:08 IST" duration-ms="135" status="PASS">
          <reporter-output>
          </reporter-output>
        </test-method> <!-- tearDown -->
        <test-method signature="myTest3()[pri:0, instance:testPackage.jenkinsTest@7880cdf3]" started-at="2022-05-21T00:24:08 IST" name="myTest3" finished-at="2022-05-21T00:24:13 IST" duration-ms="4434" status="PASS">
          <reporter-output>
          </reporter-output>
        </test-method> <!-- myTest3 -->
        <test-method is-config="true" signature="tearDown()[pri:0, instance:testPackage.jenkinsTest@7880cdf3]" started-at="2022-05-21T00:24:13 IST" name="tearDown" finished-at="2022-05-21T00:24:13 IST" duration-ms="84" status="PASS">
          <reporter-output>
          </reporter-output>
        </test-method> <!-- tearDown -->
        <test-method is-config="true" signature="afterSuite()[pri:0, instance:testPackage.jenkinsTest@7880cdf3]" started-at="2022-05-21T00:24:13 IST" name="afterSuite" finished-at="2022-05-21T00:24:13 IST" duration-ms="358" status="PASS">
          <reporter-output>
          </reporter-output>
        </test-method> <!-- afterSuite -->
      </class> <!-- testPackage.jenkinsTest -->
    </test> <!-- Test -->
  </suite> <!-- Suite123 -->
</testng-results>
