<?xml version="1.0" encoding="UTF-8"?>
<testng-results ignored="0" total="2" passed="2" failed="0" skipped="0">
  <reporter-output>
  </reporter-output>
  <suite started-at="2022-05-20T23:23:58 IST" name="Suite" finished-at="2022-05-20T23:24:15 IST" duration-ms="17517">
    <groups>
    </groups>
    <test started-at="2022-05-20T23:23:58 IST" name="Test" finished-at="2022-05-20T23:24:15 IST" duration-ms="17517">
      <class name="testPackage.jenkinsTest">
        <test-method signature="myTest1()[pri:0, instance:testPackage.jenkinsTest@7c469c48]" started-at="2022-05-20T23:23:58 IST" name="myTest1" finished-at="2022-05-20T23:24:05 IST" duration-ms="7382" status="PASS">
          <reporter-output>
          </reporter-output>
        </test-method> <!-- myTest1 -->
        <test-method is-config="true" signature="tearDown()[pri:0, instance:testPackage.jenkinsTest@7c469c48]" started-at="2022-05-20T23:24:05 IST" name="tearDown" finished-at="2022-05-20T23:24:10 IST" duration-ms="4498" status="PASS">
          <reporter-output>
          </reporter-output>
        </test-method> <!-- tearDown -->
        <test-method signature="myTest2()[pri:0, instance:testPackage.jenkinsTest@7c469c48]" started-at="2022-05-20T23:24:10 IST" name="myTest2" finished-at="2022-05-20T23:24:15 IST" duration-ms="5476" status="PASS">
          <reporter-output>
          </reporter-output>
        </test-method> <!-- myTest2 -->
        <test-method is-config="true" signature="tearDown()[pri:0, instance:testPackage.jenkinsTest@7c469c48]" started-at="2022-05-20T23:24:15 IST" name="tearDown" finished-at="2022-05-20T23:24:15 IST" duration-ms="121" status="PASS">
          <reporter-output>
          </reporter-output>
        </test-method> <!-- tearDown -->
      </class> <!-- testPackage.jenkinsTest -->
    </test> <!-- Test -->
  </suite> <!-- Suite -->
</testng-results>
