<?xml version="1.0" encoding="UTF-8"?>
<testng-results ignored="0" total="3" passed="3" failed="0" skipped="0">
  <reporter-output>
  </reporter-output>
  <suite started-at="2022-05-21T00:12:49 IST" name="Default suite" finished-at="2022-05-21T00:13:12 IST" duration-ms="23143">
    <groups>
    </groups>
    <test started-at="2022-05-21T00:12:49 IST" name="Default test" finished-at="2022-05-21T00:13:12 IST" duration-ms="23143">
      <class name="testPackage.jenkinsTest">
        <test-method is-config="true" signature="config()[pri:0, instance:testPackage.jenkinsTest@2f7298b]" started-at="2022-05-21T00:12:49 IST" name="config" finished-at="2022-05-21T00:12:49 IST" duration-ms="375" status="PASS">
          <reporter-output>
          </reporter-output>
        </test-method> <!-- config -->
        <test-method signature="myTest1()[pri:0, instance:testPackage.jenkinsTest@2f7298b]" started-at="2022-05-21T00:12:49 IST" name="myTest1" finished-at="2022-05-21T00:12:57 IST" duration-ms="7473" status="PASS">
          <reporter-output>
          </reporter-output>
        </test-method> <!-- myTest1 -->
        <test-method is-config="true" signature="tearDown()[pri:0, instance:testPackage.jenkinsTest@2f7298b]" started-at="2022-05-21T00:12:57 IST" name="tearDown" finished-at="2022-05-21T00:13:01 IST" duration-ms="4361" status="PASS">
          <reporter-output>
          </reporter-output>
        </test-method> <!-- tearDown -->
        <test-method signature="myTest2()[pri:0, instance:testPackage.jenkinsTest@2f7298b]" started-at="2022-05-21T00:13:01 IST" name="myTest2" finished-at="2022-05-21T00:13:06 IST" duration-ms="5395" status="PASS">
          <reporter-output>
          </reporter-output>
        </test-method> <!-- myTest2 -->
        <test-method is-config="true" signature="tearDown()[pri:0, instance:testPackage.jenkinsTest@2f7298b]" started-at="2022-05-21T00:13:06 IST" name="tearDown" finished-at="2022-05-21T00:13:07 IST" duration-ms="181" status="PASS">
          <reporter-output>
          </reporter-output>
        </test-method> <!-- tearDown -->
        <test-method signature="myTest3()[pri:0, instance:testPackage.jenkinsTest@2f7298b]" started-at="2022-05-21T00:13:07 IST" name="myTest3" finished-at="2022-05-21T00:13:11 IST" duration-ms="4686" status="PASS">
          <reporter-output>
          </reporter-output>
        </test-method> <!-- myTest3 -->
        <test-method is-config="true" signature="tearDown()[pri:0, instance:testPackage.jenkinsTest@2f7298b]" started-at="2022-05-21T00:13:11 IST" name="tearDown" finished-at="2022-05-21T00:13:11 IST" duration-ms="119" status="PASS">
          <reporter-output>
          </reporter-output>
        </test-method> <!-- tearDown -->
        <test-method is-config="true" signature="afterSuite()[pri:0, instance:testPackage.jenkinsTest@2f7298b]" started-at="2022-05-21T00:13:11 IST" name="afterSuite" finished-at="2022-05-21T00:13:12 IST" duration-ms="503" status="PASS">
          <reporter-output>
          </reporter-output>
        </test-method> <!-- afterSuite -->
      </class> <!-- testPackage.jenkinsTest -->
    </test> <!-- Default test -->
  </suite> <!-- Default suite -->
</testng-results>
