<?xml version="1.0" encoding="UTF-8"?>
<testng-results ignored="0" total="2" passed="2" failed="0" skipped="0">
  <reporter-output>
  </reporter-output>
  <suite started-at="2022-05-20T23:22:16 IST" name="Suite" finished-at="2022-05-20T23:22:33 IST" duration-ms="16870">
    <groups>
    </groups>
    <test started-at="2022-05-20T23:22:16 IST" name="Test" finished-at="2022-05-20T23:22:33 IST" duration-ms="16870">
      <class name="testPackage.jenkinsTest">
        <test-method signature="myTest1()[pri:0, instance:testPackage.jenkinsTest@636be97c]" started-at="2022-05-20T23:22:16 IST" name="myTest1" finished-at="2022-05-20T23:22:23 IST" duration-ms="6418" status="PASS">
          <reporter-output>
          </reporter-output>
        </test-method> <!-- myTest1 -->
        <test-method is-config="true" signature="tearDown()[pri:0, instance:testPackage.jenkinsTest@636be97c]" started-at="2022-05-20T23:22:23 IST" name="tearDown" finished-at="2022-05-20T23:22:27 IST" duration-ms="4441" status="PASS">
          <reporter-output>
          </reporter-output>
        </test-method> <!-- tearDown -->
        <test-method signature="myTest2()[pri:0, instance:testPackage.jenkinsTest@636be97c]" started-at="2022-05-20T23:22:27 IST" name="myTest2" finished-at="2022-05-20T23:22:33 IST" duration-ms="5705" status="PASS">
          <reporter-output>
          </reporter-output>
        </test-method> <!-- myTest2 -->
        <test-method is-config="true" signature="tearDown()[pri:0, instance:testPackage.jenkinsTest@636be97c]" started-at="2022-05-20T23:22:33 IST" name="tearDown" finished-at="2022-05-20T23:22:33 IST" duration-ms="252" status="PASS">
          <reporter-output>
          </reporter-output>
        </test-method> <!-- tearDown -->
      </class> <!-- testPackage.jenkinsTest -->
    </test> <!-- Test -->
  </suite> <!-- Suite -->
</testng-results>
